"Start of log file."
"K:/Work/CEMETE~1/Unity/CEMETE~1/Assets/models/unitBox.max"
"Starting max loading and fbx conversion"
window = undefined
Max to Physcs Geometry Scale = 1.0
"Settings units"
"Before fbx export"
"After fbx export"
"Finished max loading and fbx conversion"
"K:/Work/CEMETE~1/Unity/CEMETE~1/Assets/models/unitBox.max"
"Starting max loading and fbx conversion"
window = undefined
Max to Physcs Geometry Scale = 1.0
"Settings units"
"Before fbx export"
"After fbx export"
"Finished max loading and fbx conversion"
"K:/Work/CEMETE~1/Unity/CEMETE~1/Assets/models/unitBox.max"
"Starting max loading and fbx conversion"
window = undefined
Max to Physcs Geometry Scale = 1.0
"Settings units"
"Before fbx export"
"After fbx export"
"Finished max loading and fbx conversion"
"K:/Work/CEMETE~1/Unity/CEMETE~1/Assets/models/unitBox.max"
"Starting max loading and fbx conversion"
window = undefined
Max to Physcs Geometry Scale = 1.0
"Settings units"
"Before fbx export"
"After fbx export"
"Finished max loading and fbx conversion"
"K:/Work/CEMETE~1/Unity/CEMETE~1/Assets/models/unitBox.max"
"Starting max loading and fbx conversion"
window = undefined
Max to Physcs Geometry Scale = 1.0
"Settings units"
"Before fbx export"
"After fbx export"
"Finished max loading and fbx conversion"
"K:/Work/CEMETE~1/Unity/CEMETE~1/Assets/models/unitBox.max"
"Starting max loading and fbx conversion"
window = undefined
Max to Physcs Geometry Scale = 1.0
"Settings units"
"Before fbx export"
"After fbx export"
"Finished max loading and fbx conversion"
"K:/Work/CEMETE~1/Unity/CEMETE~1/Assets/models/unitBox.max"
"Starting max loading and fbx conversion"
window = undefined
Max to Physcs Geometry Scale = 1.0
"Settings units"
"Before fbx export"
"After fbx export"
"Finished max loading and fbx conversion"
"K:/Work/CEMETE~1/Unity/CEMETE~1/Assets/models/unitBox.max"
"Starting max loading and fbx conversion"
window = undefined
Max to Physcs Geometry Scale = 1.0
"Settings units"
"Before fbx export"
"After fbx export"
"Finished max loading and fbx conversion"
